#
# There is insufficient memory for the Java Runtime Environment to continue.
# Native memory allocation (malloc) failed to allocate 986096 bytes for Chunk::new
# Possible reasons:
#   The system is out of physical RAM or swap space
#   In 32 bit mode, the process size limit was hit
# Possible solutions:
#   Reduce memory load on the system
#   Increase physical memory or swap space
#   Check if swap backing store is full
#   Use 64 bit Java on a 64 bit OS
#   Decrease Java heap size (-Xmx/-Xms)
#   Decrease number of Java threads
#   Decrease Java thread stack sizes (-Xss)
#   Set larger code cache with -XX:ReservedCodeCacheSize=
# This output file may be truncated or incomplete.
#
#  Out of Memory Error (allocation.cpp:390), pid=13416, tid=0x000000000000303c
#
# JRE version: OpenJDK Runtime Environment (8.0_76-b03) (build 1.8.0_76-release-b03)
# Java VM: OpenJDK 64-Bit Server VM (25.76-b03 mixed mode windows-amd64 compressed oops)
# Failed to write core dump. Minidumps are not enabled by default on client versions of Windows
#

---------------  T H R E A D  ---------------

Current thread (0x00000000168be000):  JavaThread "C2 CompilerThread2" daemon [_thread_in_native, id=12348, stack(0x0000000019750000,0x0000000019850000)]

Stack: [0x0000000019750000,0x0000000019850000]
[error occurred during error reporting (printing stack bounds), id 0xc0000005]

Native frames: (J=compiled Java code, j=interpreted, Vv=VM code, C=native code)


Current CompileTask:
C2: 705071 15365   !   4       com.android.dx.cf.code.BytecodeArray::parseInstruction (2764 bytes)


---------------  P R O C E S S  ---------------

Java Threads: ( => current thread )
  0x000000001d091000 JavaThread "pool-47-thread-1" [_thread_blocked, id=10148, stack(0x000000003d7e0000,0x000000003d8e0000)]
  0x000000001d094000 JavaThread "pool-35-thread-1" [_thread_blocked, id=1460, stack(0x000000003d6e0000,0x000000003d7e0000)]
  0x000000001d089800 JavaThread "pool-45-thread-4" [_thread_blocked, id=14032, stack(0x000000003cfe0000,0x000000003d0e0000)]
  0x000000001d089000 JavaThread "pool-45-thread-3" [_thread_blocked, id=6856, stack(0x000000003cee0000,0x000000003cfe0000)]
  0x000000001edad800 JavaThread "pool-45-thread-2" [_thread_blocked, id=9880, stack(0x000000003cde0000,0x000000003cee0000)]
  0x000000001edb3800 JavaThread "pool-46-thread-1" [_thread_blocked, id=9952, stack(0x000000003cce0000,0x000000003cde0000)]
  0x000000001edb1000 JavaThread "pool-45-thread-1" [_thread_blocked, id=13580, stack(0x000000003cbe0000,0x000000003cce0000)]
  0x000000001d098000 JavaThread "pool-42-thread-4" [_thread_blocked, id=12672, stack(0x000000003c1e0000,0x000000003c2e0000)]
  0x000000001d095000 JavaThread "pool-42-thread-3" [_thread_blocked, id=10836, stack(0x000000003c0e0000,0x000000003c1e0000)]
  0x000000001d095800 JavaThread "pool-42-thread-2" [_thread_blocked, id=5324, stack(0x000000003bfe0000,0x000000003c0e0000)]
  0x000000001d093800 JavaThread "pool-43-thread-1" [_thread_blocked, id=10528, stack(0x000000003bce0000,0x000000003bde0000)]
  0x000000001d092800 JavaThread "pool-42-thread-1" [_thread_blocked, id=3952, stack(0x000000003bbe0000,0x000000003bce0000)]
  0x000000001d08f800 JavaThread "pool-16-thread-4" [_thread_blocked, id=12632, stack(0x000000003a6e0000,0x000000003a7e0000)]
  0x000000001d08f000 JavaThread "pool-16-thread-3" [_thread_blocked, id=11992, stack(0x000000003a5e0000,0x000000003a6e0000)]
  0x000000001d08a800 JavaThread "pool-16-thread-2" [_thread_blocked, id=8296, stack(0x000000003a4e0000,0x000000003a5e0000)]
  0x000000001d08c800 JavaThread "pool-16-thread-1" [_thread_blocked, id=7764, stack(0x000000003a3e0000,0x000000003a4e0000)]
  0x000000001d08c000 JavaThread "pool-10-thread-12" [_thread_blocked, id=11792, stack(0x000000002d1e0000,0x000000002d2e0000)]
  0x000000001a0a0000 JavaThread "pool-10-thread-11" [_thread_blocked, id=1044, stack(0x000000002d0e0000,0x000000002d1e0000)]
  0x000000001a09c000 JavaThread "pool-10-thread-10" [_thread_blocked, id=1092, stack(0x000000002cfe0000,0x000000002d0e0000)]
  0x000000001a09b800 JavaThread "pool-10-thread-9" [_thread_blocked, id=9420, stack(0x000000002cee0000,0x000000002cfe0000)]
  0x000000001a09f000 JavaThread "pool-10-thread-8" [_thread_blocked, id=12816, stack(0x000000002cde0000,0x000000002cee0000)]
  0x000000001a09e800 JavaThread "pool-10-thread-7" [_thread_blocked, id=3980, stack(0x000000002cce0000,0x000000002cde0000)]
  0x000000001a09d800 JavaThread "pool-10-thread-6" [_thread_blocked, id=6668, stack(0x000000002cbe0000,0x000000002cce0000)]
  0x000000001a09a800 JavaThread "pool-10-thread-5" [_thread_blocked, id=10684, stack(0x000000002cae0000,0x000000002cbe0000)]
  0x000000001a09d000 JavaThread "pool-10-thread-4" [_thread_blocked, id=12728, stack(0x000000002c9e0000,0x000000002cae0000)]
  0x000000001a093800 JavaThread "pool-10-thread-3" [_thread_blocked, id=4604, stack(0x000000002c8e0000,0x000000002c9e0000)]
  0x000000001a09a000 JavaThread "pool-10-thread-2" [_thread_blocked, id=12004, stack(0x000000002c7e0000,0x000000002c8e0000)]
  0x000000001a098000 JavaThread "pool-10-thread-1" [_thread_blocked, id=8292, stack(0x000000002c6e0000,0x000000002c7e0000)]
  0x000000001a093000 JavaThread "Stdin handler" [_thread_blocked, id=7972, stack(0x000000002c5e0000,0x000000002c6e0000)]
  0x000000001a094800 JavaThread "Asynchronous log dispatcher for org.gradle.launcher.daemon.server.DefaultDaemonConnection@5db38d12" [_thread_blocked, id=10468, stack(0x000000002c4e0000,0x000000002c5e0000)]
  0x000000001a091800 JavaThread "Daemon worker Thread 3" [_thread_blocked, id=13764, stack(0x000000002c3e0000,0x000000002c4e0000)]
  0x000000001a092000 JavaThread "Cancel handler" [_thread_blocked, id=8180, stack(0x000000002c2e0000,0x000000002c3e0000)]
  0x000000001a097800 JavaThread "Handler for socket connection from /127.0.0.1:8294 to /127.0.0.1:8748" [_thread_in_native, id=13208, stack(0x000000002c1e0000,0x000000002c2e0000)]
  0x000000001a096000 JavaThread "Daemon Thread 3" [_thread_blocked, id=2356, stack(0x000000002c0e0000,0x000000002c1e0000)]
  0x000000001c7e4800 JavaThread "File lock request listener" [_thread_in_native, id=2560, stack(0x000000001d570000,0x000000001d670000)]
  0x000000001a964000 JavaThread "pool-1-thread-1" [_thread_blocked, id=8924, stack(0x000000001b730000,0x000000001b830000)]
  0x000000001a9a7000 JavaThread "Incoming local TCP Connector on port 8294" [_thread_in_native, id=4288, stack(0x000000001b430000,0x000000001b530000)]
  0x000000001809b800 JavaThread "Service Thread" daemon [_thread_blocked, id=5140, stack(0x0000000019950000,0x0000000019a50000)]
  0x0000000018005800 JavaThread "C1 CompilerThread3" daemon [_thread_blocked, id=8380, stack(0x0000000019850000,0x0000000019950000)]
=>0x00000000168be000 JavaThread "C2 CompilerThread2" daemon [_thread_in_native, id=12348, stack(0x0000000019750000,0x0000000019850000)]
  0x00000000168bd000 JavaThread "C2 CompilerThread1" daemon [_thread_blocked, id=14192, stack(0x0000000019650000,0x0000000019750000)]
  0x00000000168bb000 JavaThread "C2 CompilerThread0" daemon [_thread_blocked, id=132, stack(0x0000000019550000,0x0000000019650000)]
  0x0000000017ffa800 JavaThread "Attach Listener" daemon [_thread_blocked, id=8584, stack(0x0000000019450000,0x0000000019550000)]
  0x0000000017fad000 JavaThread "Signal Dispatcher" daemon [_thread_blocked, id=12304, stack(0x0000000019350000,0x0000000019450000)]
  0x0000000017f93000 JavaThread "Finalizer" daemon [_thread_blocked, id=11740, stack(0x00000000191f0000,0x00000000192f0000)]
  0x00000000028e9800 JavaThread "Reference Handler" daemon [_thread_blocked, id=14084, stack(0x00000000190f0000,0x00000000191f0000)]
  0x00000000026ed800 JavaThread "main" [_thread_blocked, id=12228, stack(0x00000000026f0000,0x00000000027f0000)]

Other Threads:
  0x0000000017f72800 VMThread [stack: 0x0000000018ff0000,0x00000000190f0000] [id=9468]
  0x000000001809d000 WatcherThread [stack: 0x0000000019a50000,0x0000000019b50000] [id=14224]

VM state:at safepoint (normal execution)

VM Mutex/Monitor currently owned by a thread:  ([mutex/lock_event])
[0x00000000026ec3f0] Threads_lock - owner thread: 0x0000000017f72800
[0x00000000026ed1f0] Heap_lock - owner thread: 0x000000001d092800

Heap:
 PSYoungGen      total 240128K, used 240123K [0x00000000e0000000, 0x00000000f3200000, 0x0000000100000000)
  eden space 215040K, 100% used [0x00000000e0000000,0x00000000ed200000,0x00000000ed200000)
  from space 25088K, 99% used [0x00000000eef80000,0x00000000f07fee10,0x00000000f0800000)
  to   space 30208K, 99% used [0x00000000ed200000,0x00000000eef7c900,0x00000000eef80000)
 ParOldGen       total 123904K, used 62720K [0x00000000a0000000, 0x00000000a7900000, 0x00000000e0000000)
  object space 123904K, 50% used [0x00000000a0000000,0x00000000a3d44318,0x00000000a7900000)
 Metaspace       used 77352K, capacity 81096K, committed 81200K, reserved 1120256K
  class space    used 10001K, capacity 10788K, committed 10800K, reserved 1048576K

Card table byte_map: [0x0000000011cb0000,0x0000000011fc0000] byte_map_base: 0x00000000117b0000

Marking Bits: (ParMarkBitMap*) 0x000000006ff89d00
 Begin Bits: [0x0000000012bc0000, 0x00000000143c0000)
 End Bits:   [0x00000000143c0000, 0x0000000015bc0000)

Polling page: 0x00000000006e0000

CodeCache: size=245760Kb used=44977Kb max_used=44977Kb free=200782Kb
 bounds [0x00000000028f0000, 0x0000000005520000, 0x00000000118f0000]
 total_blobs=13547 nmethods=12741 adapters=717
 compilation: enabled

Compilation events (10 events):
Event: 705.007 Thread 0x0000000018005800 nmethod 15977 0x000000000550c450 code [0x000000000550c5e0, 0x000000000550c998]
Event: 705.007 Thread 0x0000000018005800 15973       2       com.android.dx.cf.iface.StdField::getConstantValue (28 bytes)
Event: 705.007 Thread 0x0000000018005800 nmethod 15973 0x000000000550bf90 code [0x000000000550c100, 0x000000000550c308]
Event: 705.007 Thread 0x0000000018005800 15978       2       com.android.dx.dex.code.OutputCollector::appendSuffixToOutput (45 bytes)
Event: 705.007 Thread 0x0000000018005800 nmethod 15978 0x000000000550b610 code [0x000000000550b7c0, 0x000000000550bb58]
Event: 705.007 Thread 0x0000000018005800 15974       2       com.android.dx.dex.file.ClassDefItem::addStaticField (10 bytes)
Event: 705.008 Thread 0x0000000018005800 nmethod 15974 0x0000000005516490 code [0x0000000005516600, 0x0000000005516768]
Event: 705.008 Thread 0x0000000018005800 15975       2       com.android.dx.dex.file.ClassDataItem::addStaticField (51 bytes)
Event: 705.008 Thread 0x0000000018005800 nmethod 15975 0x0000000005516850 code [0x00000000055169e0, 0x0000000005516cf8]
Event: 705.008 Thread 0x0000000018005800 15980       2       com.android.dx.rop.type.Type::isArray (19 bytes)

GC Heap History (10 events):
Event: 696.483 GC heap after
Heap after GC invocations=20 (full 4):
 PSYoungGen      total 199680K, used 22280K [0x00000000e0000000, 0x00000000f0680000, 0x0000000100000000)
  eden space 177152K, 0% used [0x00000000e0000000,0x00000000e0000000,0x00000000ead00000)
  from space 22528K, 98% used [0x00000000ef080000,0x00000000f0642260,0x00000000f0680000)
  to   space 26624K, 0% used [0x00000000ed280000,0x00000000ed280000,0x00000000eec80000)
 ParOldGen       total 123904K, used 56086K [0x00000000a0000000, 0x00000000a7900000, 0x00000000e0000000)
  object space 123904K, 45% used [0x00000000a0000000,0x00000000a36c5bc0,0x00000000a7900000)
 Metaspace       used 67520K, capacity 70960K, committed 71088K, reserved 1110016K
  class space    used 8913K, capacity 9608K, committed 9648K, reserved 1048576K
}
Event: 699.481 GC heap before
{Heap before GC invocations=21 (full 4):
 PSYoungGen      total 199680K, used 198870K [0x00000000e0000000, 0x00000000f0680000, 0x0000000100000000)
  eden space 177152K, 99% used [0x00000000e0000000,0x00000000eac73758,0x00000000ead00000)
  from space 22528K, 98% used [0x00000000ef080000,0x00000000f0642260,0x00000000f0680000)
  to   space 26624K, 0% used [0x00000000ed280000,0x00000000ed280000,0x00000000eec80000)
 ParOldGen       total 123904K, used 56086K [0x00000000a0000000, 0x00000000a7900000, 0x00000000e0000000)
  object space 123904K, 45% used [0x00000000a0000000,0x00000000a36c5bc0,0x00000000a7900000)
 Metaspace       used 67715K, capacity 71150K, committed 71344K, reserved 1112064K
  class space    used 8917K, capacity 9645K, committed 9648K, reserved 1048576K
Event: 699.498 GC heap after
Heap after GC invocations=21 (full 4):
 PSYoungGen      total 187904K, used 16180K [0x00000000e0000000, 0x00000000ef100000, 0x0000000100000000)
  eden space 171520K, 0% used [0x00000000e0000000,0x00000000e0000000,0x00000000ea780000)
  from space 16384K, 98% used [0x00000000ed280000,0x00000000ee24d1b0,0x00000000ee280000)
  to   space 14848K, 0% used [0x00000000ee280000,0x00000000ee280000,0x00000000ef100000)
 ParOldGen       total 123904K, used 56094K [0x00000000a0000000, 0x00000000a7900000, 0x00000000e0000000)
  object space 123904K, 45% used [0x00000000a0000000,0x00000000a36c7bc0,0x00000000a7900000)
 Metaspace       used 67715K, capacity 71150K, committed 71344K, reserved 1112064K
  class space    used 8917K, capacity 9645K, committed 9648K, reserved 1048576K
}
Event: 701.960 GC heap before
{Heap before GC invocations=22 (full 4):
 PSYoungGen      total 187904K, used 187028K [0x00000000e0000000, 0x00000000ef100000, 0x0000000100000000)
  eden space 171520K, 99% used [0x00000000e0000000,0x00000000ea6d8118,0x00000000ea780000)
  from space 16384K, 98% used [0x00000000ed280000,0x00000000ee24d1b0,0x00000000ee280000)
  to   space 14848K, 0% used [0x00000000ee280000,0x00000000ee280000,0x00000000ef100000)
 ParOldGen       total 123904K, used 56094K [0x00000000a0000000, 0x00000000a7900000, 0x00000000e0000000)
  object space 123904K, 45% used [0x00000000a0000000,0x00000000a36c7bc0,0x00000000a7900000)
 Metaspace       used 73656K, capacity 77230K, committed 77488K, reserved 1116160K
  class space    used 9636K, capacity 10391K, committed 10416K, reserved 1048576K
Event: 701.973 GC heap after
Heap after GC invocations=22 (full 4):
 PSYoungGen      total 178688K, used 12133K [0x00000000e0000000, 0x00000000eee80000, 0x0000000100000000)
  eden space 166400K, 0% used [0x00000000e0000000,0x00000000e0000000,0x00000000ea280000)
  from space 12288K, 98% used [0x00000000ee280000,0x00000000eee596b8,0x00000000eee80000)
  to   space 25600K, 0% used [0x00000000ebc80000,0x00000000ebc80000,0x00000000ed580000)
 ParOldGen       total 123904K, used 56110K [0x00000000a0000000, 0x00000000a7900000, 0x00000000e0000000)
  object space 123904K, 45% used [0x00000000a0000000,0x00000000a36cbbc0,0x00000000a7900000)
 Metaspace       used 73656K, capacity 77230K, committed 77488K, reserved 1116160K
  class space    used 9636K, capacity 10391K, committed 10416K, reserved 1048576K
}
Event: 701.999 GC heap before
{Heap before GC invocations=23 (full 4):
 PSYoungGen      total 178688K, used 178183K [0x00000000e0000000, 0x00000000eee80000, 0x0000000100000000)
  eden space 166400K, 99% used [0x00000000e0000000,0x00000000ea228608,0x00000000ea280000)
  from space 12288K, 98% used [0x00000000ee280000,0x00000000eee596b8,0x00000000eee80000)
  to   space 25600K, 0% used [0x00000000ebc80000,0x00000000ebc80000,0x00000000ed580000)
 ParOldGen       total 123904K, used 56110K [0x00000000a0000000, 0x00000000a7900000, 0x00000000e0000000)
  object space 123904K, 45% used [0x00000000a0000000,0x00000000a36cbbc0,0x00000000a7900000)
 Metaspace       used 73660K, capacity 77230K, committed 77488K, reserved 1116160K
  class space    used 9636K, capacity 10391K, committed 10416K, reserved 1048576K
Event: 702.010 GC heap after
Heap after GC invocations=23 (full 4):
 PSYoungGen      total 218624K, used 10559K [0x00000000e0000000, 0x00000000f0800000, 0x0000000100000000)
  eden space 193024K, 0% used [0x00000000e0000000,0x00000000e0000000,0x00000000ebc80000)
  from space 25600K, 41% used [0x00000000ebc80000,0x00000000ec6cfdb8,0x00000000ed580000)
  to   space 25088K, 0% used [0x00000000eef80000,0x00000000eef80000,0x00000000f0800000)
 ParOldGen       total 123904K, used 56118K [0x00000000a0000000, 0x00000000a7900000, 0x00000000e0000000)
  object space 123904K, 45% used [0x00000000a0000000,0x00000000a36cdbc0,0x00000000a7900000)
 Metaspace       used 73660K, capacity 77230K, committed 77488K, reserved 1116160K
  class space    used 9636K, capacity 10391K, committed 10416K, reserved 1048576K
}
Event: 704.120 GC heap before
{Heap before GC invocations=24 (full 4):
 PSYoungGen      total 218624K, used 203583K [0x00000000e0000000, 0x00000000f0800000, 0x0000000100000000)
  eden space 193024K, 100% used [0x00000000e0000000,0x00000000ebc80000,0x00000000ebc80000)
  from space 25600K, 41% used [0x00000000ebc80000,0x00000000ec6cfdb8,0x00000000ed580000)
  to   space 25088K, 0% used [0x00000000eef80000,0x00000000eef80000,0x00000000f0800000)
 ParOldGen       total 123904K, used 56118K [0x00000000a0000000, 0x00000000a7900000, 0x00000000e0000000)
  object space 123904K, 45% used [0x00000000a0000000,0x00000000a36cdbc0,0x00000000a7900000)
 Metaspace       used 77157K, capacity 80904K, committed 80944K, reserved 1120256K
  class space    used 9998K, capacity 10788K, committed 10800K, reserved 1048576K
Event: 704.183 GC heap after
Heap after GC invocations=24 (full 4):
 PSYoungGen      total 240128K, used 25083K [0x00000000e0000000, 0x00000000f3200000, 0x0000000100000000)
  eden space 215040K, 0% used [0x00000000e0000000,0x00000000e0000000,0x00000000ed200000)
  from space 25088K, 99% used [0x00000000eef80000,0x00000000f07fee10,0x00000000f0800000)
  to   space 30208K, 0% used [0x00000000ed200000,0x00000000ed200000,0x00000000eef80000)
 ParOldGen       total 123904K, used 61144K [0x00000000a0000000, 0x00000000a7900000, 0x00000000e0000000)
  object space 123904K, 49% used [0x00000000a0000000,0x00000000a3bb6318,0x00000000a7900000)
 Metaspace       used 77157K, capacity 80904K, committed 80944K, reserved 1120256K
  class space    used 9998K, capacity 10788K, committed 10800K, reserved 1048576K
}
Event: 705.010 GC heap before
{Heap before GC invocations=25 (full 4):
 PSYoungGen      total 240128K, used 240123K [0x00000000e0000000, 0x00000000f3200000, 0x0000000100000000)
  eden space 215040K, 100% used [0x00000000e0000000,0x00000000ed200000,0x00000000ed200000)
  from space 25088K, 99% used [0x00000000eef80000,0x00000000f07fee10,0x00000000f0800000)
  to   space 30208K, 0% used [0x00000000ed200000,0x00000000ed200000,0x00000000eef80000)
 ParOldGen       total 123904K, used 61144K [0x00000000a0000000, 0x00000000a7900000, 0x00000000e0000000)
  object space 123904K, 49% used [0x00000000a0000000,0x00000000a3bb6318,0x00000000a7900000)
 Metaspace       used 77352K, capacity 81096K, committed 81200K, reserved 1120256K
  class space    used 10001K, capacity 10788K, committed 10800K, reserved 1048576K

Deoptimization events (10 events):
Event: 704.805 Thread 0x000000001d08c800 Uncommon trap: reason=bimorphic action=maybe_recompile pc=0x0000000004d8e380 method=com.android.dx.ssa.SCCP.simulatePhi(Lcom/android/dx/ssa/PhiInsn;)V @ 124
Event: 704.805 Thread 0x000000001d08c800 Uncommon trap: reason=bimorphic action=maybe_recompile pc=0x0000000004d8e380 method=com.android.dx.ssa.SCCP.simulatePhi(Lcom/android/dx/ssa/PhiInsn;)V @ 124
Event: 704.808 Thread 0x000000001edb1000 Uncommon trap: reason=unstable_if action=reinterpret pc=0x0000000004f41d84 method=com.android.dx.ssa.LocalVariableExtractor.processBlock(I)V @ 251
Event: 704.809 Thread 0x000000001edb1000 Uncommon trap: reason=unstable_if action=reinterpret pc=0x00000000034ef7e8 method=com.android.dx.rop.code.RegisterSpec.equals(ILcom/android/dx/rop/type/TypeBearer;Lcom/android/dx/rop/code/LocalItem;)Z @ 42
Event: 704.836 Thread 0x000000001d091000 Uncommon trap: reason=speculate_class_check action=maybe_recompile pc=0x0000000003eea97c method=com.android.dx.util.FixedSizeList.equals(Ljava/lang/Object;)Z @ 25
Event: 704.838 Thread 0x000000001d091000 Uncommon trap: reason=speculate_class_check action=maybe_recompile pc=0x0000000003eea97c method=com.android.dx.util.FixedSizeList.equals(Ljava/lang/Object;)Z @ 25
Event: 704.838 Thread 0x000000001d091000 Uncommon trap: reason=speculate_class_check action=maybe_recompile pc=0x0000000003eea97c method=com.android.dx.util.FixedSizeList.equals(Ljava/lang/Object;)Z @ 25
Event: 704.838 Thread 0x000000001d091000 Uncommon trap: reason=speculate_class_check action=maybe_recompile pc=0x0000000003eea97c method=com.android.dx.util.FixedSizeList.equals(Ljava/lang/Object;)Z @ 25
Event: 704.916 Thread 0x000000001d089800 Uncommon trap: reason=bimorphic action=maybe_recompile pc=0x0000000004d8e380 method=com.android.dx.ssa.SCCP.simulatePhi(Lcom/android/dx/ssa/PhiInsn;)V @ 124
Event: 704.961 Thread 0x000000001d08f800 Uncommon trap: reason=unstable_if action=reinterpret pc=0x0000000002d5f354 method=com.android.dx.rop.code.RegisterSpecSet.<init>(I)V @ 2

Internal exceptions (10 events):
Event: 695.588 Thread 0x000000001a091800 Exception <a 'java/lang/ClassNotFoundException': com/android/build/gradle/tasks/fd/GenerateInstantRunAppInfoTaskCustomizer> (0x00000000ea010d10) thrown at [C:\src\android\AOSP-openjdk\external\jetbrains\jdk\hotspot\src\share\vm\classfile\systemDictionary.cÁ4^¶¼…@
Event: 695.589 Thread 0x000000001a091800 Exception <a 'java/lang/ClassNotFoundException': com/android/build/gradle/tasks/fd/GenerateInstantRunAppInfoTask_DecoratedCustomizer> (0x00000000ea0392d8) thrown at [C:\src\android\AOSP-openjdk\external\jetbrains\jdk\hotspot\src\share\vm\classfile\systemDi…ÐXÆ…@
Event: 696.754 Thread 0x000000001a091800 Implicit null exception at 0x0000000003fa2f4d to 0x0000000003fa3171
Event: 697.298 Thread 0x000000001a091800 Implicit null exception at 0x0000000004ee3f16 to 0x0000000004ee4a04
Event: 701.628 Thread 0x000000001a091800 Exception <a 'java/lang/NoSuchMethodError': <clinit>> (0x00000000e6b79b88) thrown at [C:\src\android\AOSP-openjdk\external\jetbrains\jdk\hotspot\src\share\vm\prims\jni.cpp, line 1591]
Event: 702.050 Thread 0x000000001a091800 Exception <a 'java/io/FileNotFoundException'> (0x00000000e2193978) thrown at [C:\src\android\AOSP-openjdk\external\jetbrains\jdk\hotspot\src\share\vm\prims\jni.cpp, line 709]
Event: 702.094 Thread 0x000000001a091800 Implicit null exception at 0x0000000004d12089 to 0x0000000004d12ddd
Event: 702.094 Thread 0x000000001a091800 Implicit null exception at 0x0000000004b9d244 to 0x0000000004b9d4e1
Event: 702.094 Thread 0x000000001a091800 Implicit null exception at 0x0000000004cb524e to 0x0000000004cb642d
Event: 703.894 Thread 0x000000001edae000 Implicit null exception at 0x00000000037aaa5e to 0x00000000037ac3fd

Events (10 events):
Event: 704.973 Thread 0x000000001d089800 DEOPT UNPACKING pc=0x00000000029375bf sp=0x000000003d0de518 mode 0
Event: 704.980 Thread 0x000000001d092800 DEOPT PACKING pc=0x00000000054c8812 sp=0x000000003bcde650
Event: 704.980 Thread 0x000000001d092800 DEOPT UNPACKING pc=0x00000000029375bf sp=0x000000003bcde3a8 mode 0
Event: 704.980 Thread 0x000000001d089800 DEOPT PACKING pc=0x0000000004b3a4cb sp=0x000000003d0de800
Event: 704.980 Thread 0x000000001d089800 DEOPT UNPACKING pc=0x00000000029375bf sp=0x000000003d0de520 mode 0
Event: 704.998 Thread 0x000000001d08c800 DEOPT PACKING pc=0x00000000054c8812 sp=0x000000003a4ddb50
Event: 704.998 Thread 0x000000001d08c800 DEOPT UNPACKING pc=0x00000000029375bf sp=0x000000003a4dd8a8 mode 0
Event: 705.003 Thread 0x000000001d092800 DEOPT PACKING pc=0x00000000054c8812 sp=0x000000003bcde590
Event: 705.003 Thread 0x000000001d092800 DEOPT UNPACKING pc=0x00000000029375bf sp=0x000000003bcde2e8 mode 0
Event: 705.008 Executing VM operation: ParallelGCFailedAllocation


Dynamic libraries:
0x00007ff7b3b50000 - 0x00007ff7b3b81000 	F:\F-01softwore\AndroidStudio\soft\jre\bin\java.exe
0x00007ffce2d00000 - 0x00007ffce2ed1000 	C:\Windows\SYSTEM32\ntdll.dll
0x00007ffce0bc0000 - 0x00007ffce0c6b000 	C:\Windows\System32\KERNEL32.DLL
0x00007ffcdf250000 - 0x00007ffcdf46d000 	C:\Windows\System32\KERNELBASE.dll
0x00007ffce0a90000 - 0x00007ffce0b32000 	C:\Windows\System32\ADVAPI32.dll
0x00007ffce2750000 - 0x00007ffce27ee000 	C:\Windows\System32\msvcrt.dll
0x00007ffce26c0000 - 0x00007ffce2719000 	C:\Windows\System32\sechost.dll
0x00007ffce2950000 - 0x00007ffce2a71000 	C:\Windows\System32\RPCRT4.dll
0x00007ffce04e0000 - 0x00007ffce0645000 	C:\Windows\System32\USER32.dll
0x00007ffcdf510000 - 0x00007ffcdf52e000 	C:\Windows\System32\win32u.dll
0x00007ffce2cc0000 - 0x00007ffce2cf4000 	C:\Windows\System32\GDI32.dll
0x00007ffcdff40000 - 0x00007ffce00c2000 	C:\Windows\System32\gdi32full.dll
0x00007ffcd1090000 - 0x00007ffcd1309000 	C:\Windows\WinSxS\amd64_microsoft.windows.common-controls_6595b64144ccf1df_6.0.14393.0_none_2d0f50fcbdb171b8\COMCTL32.dll
0x00007ffce2370000 - 0x00007ffce2637000 	C:\Windows\System32\combase.dll
0x00007ffce0120000 - 0x00007ffce0215000 	C:\Windows\System32\ucrtbase.dll
0x00007ffce0220000 - 0x00007ffce028a000 	C:\Windows\System32\bcryptPrimitives.dll
0x00007ffce2720000 - 0x00007ffce274e000 	C:\Windows\System32\IMM32.DLL
0x000000006f610000 - 0x000000006f6e2000 	F:\F-01softwore\AndroidStudio\soft\jre\jre\bin\msvcr100.dll
0x000000006f7d0000 - 0x0000000070004000 	F:\F-01softwore\AndroidStudio\soft\jre\jre\bin\server\jvm.dll
0x00007ffce0a80000 - 0x00007ffce0a88000 	C:\Windows\System32\PSAPI.DLL
0x00007ffcddda0000 - 0x00007ffcdddaa000 	C:\Windows\SYSTEM32\VERSION.dll
0x00007ffcdb240000 - 0x00007ffcdb249000 	C:\Windows\SYSTEM32\WSOCK32.dll
0x00007ffcdd1d0000 - 0x00007ffcdd1f3000 	C:\Windows\SYSTEM32\WINMM.dll
0x00007ffce2300000 - 0x00007ffce236a000 	C:\Windows\System32\WS2_32.dll
0x0000000000ba0000 - 0x0000000000bcb000 	C:\Windows\SYSTEM32\WINMMBASE.dll
0x00007ffce00d0000 - 0x00007ffce0112000 	C:\Windows\System32\cfgmgr32.dll
0x00007ffcdb250000 - 0x00007ffcdb25f000 	F:\F-01softwore\AndroidStudio\soft\jre\jre\bin\verify.dll
0x00007ffcd6ee0000 - 0x00007ffcd6f09000 	F:\F-01softwore\AndroidStudio\soft\jre\jre\bin\java.dll
0x00007ffcd7420000 - 0x00007ffcd7436000 	F:\F-01softwore\AndroidStudio\soft\jre\jre\bin\zip.dll
0x00007ffce0c70000 - 0x00007ffce2178000 	C:\Windows\System32\SHELL32.dll
0x00007ffcdf530000 - 0x00007ffcdfc0a000 	C:\Windows\System32\windows.storage.dll
0x00007ffcdf1a0000 - 0x00007ffcdf1ec000 	C:\Windows\System32\powrprof.dll
0x00007ffce21e0000 - 0x00007ffce2232000 	C:\Windows\System32\shlwapi.dll
0x00007ffcdf160000 - 0x00007ffcdf16f000 	C:\Windows\System32\kernel.appcore.dll
0x00007ffcdfe90000 - 0x00007ffcdff39000 	C:\Windows\System32\shcore.dll
0x00007ffcdf170000 - 0x00007ffcdf184000 	C:\Windows\System32\profapi.dll
0x00007ffcd6f50000 - 0x00007ffcd6f6a000 	F:\F-01softwore\AndroidStudio\soft\jre\jre\bin\net.dll
0x00007ffcde930000 - 0x00007ffcde98c000 	C:\Windows\system32\mswsock.dll
0x00007ffcd6ec0000 - 0x00007ffcd6ed1000 	F:\F-01softwore\AndroidStudio\soft\jre\jre\bin\nio.dll
0x00007ffcd6db0000 - 0x00007ffcd6dc2000 	C:\Users\Administrator\.gradle\native\19\windows-amd64\native-platform.dll
0x00007ffcdebd0000 - 0x00007ffcdebe7000 	C:\Windows\SYSTEM32\CRYPTSP.dll
0x00007ffcdeab0000 - 0x00007ffcdeae3000 	C:\Windows\system32\rsaenh.dll
0x00007ffcdf0b0000 - 0x00007ffcdf0db000 	C:\Windows\SYSTEM32\bcrypt.dll
0x00007ffcde7b0000 - 0x00007ffcde7cf000 	C:\Windows\SYSTEM32\USERENV.dll
0x00007ffcdebf0000 - 0x00007ffcdebfb000 	C:\Windows\SYSTEM32\CRYPTBASE.dll
0x00007ffcde6c0000 - 0x00007ffcde6f8000 	C:\Windows\SYSTEM32\IPHLPAPI.DLL
0x00007ffce0290000 - 0x00007ffce0298000 	C:\Windows\System32\NSI.dll
0x00007ffcd4eb0000 - 0x00007ffcd4ec6000 	C:\Windows\SYSTEM32\dhcpcsvc6.DLL
0x00007ffcd4e90000 - 0x00007ffcd4eaa000 	C:\Windows\SYSTEM32\dhcpcsvc.DLL
0x00007ffcd6e00000 - 0x00007ffcd6e0d000 	F:\F-01softwore\AndroidStudio\soft\jre\jre\bin\management.dll
0x00007ffcd6990000 - 0x00007ffcd69b4000 	F:\F-01softwore\AndroidStudio\soft\jre\jre\bin\sunec.dll
0x00007ffcde700000 - 0x00007ffcde7a0000 	C:\Windows\SYSTEM32\DNSAPI.dll
0x00007ffcd4410000 - 0x00007ffcd441a000 	C:\Windows\System32\rasadhlp.dll
0x00007ffcd4f10000 - 0x00007ffcd4f7a000 	C:\Windows\System32\fwpuclnt.dll

VM Arguments:
jvm_args: -Xmx1536m -Dfile.encoding=GBK -Duser.country=CN -Duser.language=zh -Duser.variant 
java_command: org.gradle.launcher.daemon.bootstrap.GradleDaemon 2.14.1
java_class_path (initial): F:\F-01softwore\AndroidStudio\soft\gradle\gradle-2.14.1\lib\gradle-launcher-2.14.1.jar
Launcher Type: SUN_STANDARD

Environment Variables:
JAVA_HOME=D:\jdk8
CLASSPATH=D:\jdk8\lib\dt.jar;D:\jdk8\lib\tools.jar;D:\jdk8\lib\kawa-1.9.1.jar;F:\mSource\deps\apache-tomcat-9.0.13\lib\servlet-api.jar
PATH=D:\jdk8\bin;D:\jdk8\jre\bin;C:\ProgramData\chocolatey\bin;G:\Git\cmd;C:\tools\go\bin;G:\software\jdk\bin;C:\Users\Administrator\.yarn\bin;C:\Program Files (x86)\nodejs\;C:\Python27;C:\Program Files\Microsoft VS Code\bin;C:\Windows\System32;F:\mSource\deps\apache-tomcat-9.0.13\bin;F:\EDI\androidstudio\SDK\tools;F:\mProgram\MongoDB\bin;F:\F-01softwore\AndroidStudio\sdk1\platform-tools;C:\Users\Administrator\AppData\Local\Microsoft\WindowsApps;C:\Program Files\Microsoft VS Code\bin;C:\tools\mingw64\bin;C:\Users\Administrator\AppData\Roaming\npm
USERNAME=Administrator
OS=Windows_NT
PROCESSOR_IDENTIFIER=Intel64 Family 6 Model 158 Stepping 10, GenuineIntel



---------------  S Y S T E M  ---------------

OS: Windows 10.0 , 64 bit Build 14393 (10.0.14393.0)

CPU:total 12 (6 cores per cpu, 2 threads per core) family 6 model 158 stepping 10, cmov, cx8, fxsr, mmx, sse, sse2, sse3, ssse3, sse4.1, sse4.2, popcnt, avx, avx2, aes, clmul, erms, rtm, 3dnowpref, lzcnt, ht, tsc, tscinvbit, bmi1, bmi2, adx

Memory: 4k page, physical 8264928k(405940k free), swap 12459232k(4108k free)

vm_info: OpenJDK 64-Bit Server VM (25.76-b03) for windows-amd64 JRE (1.8.0_76-release-b03), built on Jun 29 2016 19:09:20 by "ralucas" with MS VC++ 10.0 (VS2010)

time: Mon Nov 19 20:54:12 2018
elapsed time: 705 seconds (0d 0h 11m 45s)

